Unity Editor version:    2021.3.24f1 (cf10dcf7010d)
Branch:                  2021.3/staging
Build type:              Release
Batch mode:              YES
macOS version:           Version 12.6.5 (Build 21G531)
Darwin version:          21.6.0
Architecture:            x86_64
Running under Rosetta:   NO
Available memory:        16384 MB
Using pre-set license
Pro License: YES

COMMAND LINE ARGUMENTS:
/Applications/Unity/Hub/Editor/2021.3.24f1/Unity.app/Contents/MacOS/Unity
-adb2
-batchMode
-noUpm
-name
AssetImportWorker0
-projectPath
/Users/tompaul/Documents/GitHub/Comp-Sci-Project/Comp Sci
-logFile
Logs/AssetImportWorker0.log
-srvPort
60453
Successfully changed project path to: /Users/tompaul/Documents/GitHub/Comp-Sci-Project/Comp Sci
/Users/tompaul/Documents/GitHub/Comp-Sci-Project/Comp Sci
[UnityMemory] Configuration Parameters - Can be set up in boot.config
    "memorysetup-bucket-allocator-granularity=16"
    "memorysetup-bucket-allocator-bucket-count=8"
    "memorysetup-bucket-allocator-block-size=33554432"
    "memorysetup-bucket-allocator-block-count=8"
    "memorysetup-main-allocator-block-size=16777216"
    "memorysetup-thread-allocator-block-size=16777216"
    "memorysetup-gfx-main-allocator-block-size=16777216"
    "memorysetup-gfx-thread-allocator-block-size=16777216"
    "memorysetup-cache-allocator-block-size=4194304"
    "memorysetup-typetree-allocator-block-size=2097152"
    "memorysetup-profiler-bucket-allocator-granularity=16"
    "memorysetup-profiler-bucket-allocator-bucket-count=8"
    "memorysetup-profiler-bucket-allocator-block-size=33554432"
    "memorysetup-profiler-bucket-allocator-block-count=8"
    "memorysetup-profiler-allocator-block-size=16777216"
    "memorysetup-profiler-editor-allocator-block-size=1048576"
    "memorysetup-temp-allocator-size-main=16777216"
    "memorysetup-job-temp-allocator-block-size=2097152"
    "memorysetup-job-temp-allocator-block-size-background=1048576"
    "memorysetup-job-temp-allocator-reduction-small-platforms=262144"
    "memorysetup-temp-allocator-size-background-worker=32768"
    "memorysetup-temp-allocator-size-job-worker=262144"
    "memorysetup-temp-allocator-size-preload-manager=33554432"
    "memorysetup-temp-allocator-size-nav-mesh-worker=65536"
    "memorysetup-temp-allocator-size-audio-worker=65536"
    "memorysetup-temp-allocator-size-cloud-worker=32768"
    "memorysetup-temp-allocator-size-gi-baking-worker=262144"
    "memorysetup-temp-allocator-size-gfx=262144"
Player connection [4508165632] Host "[IP] 192.168.200.133 [Port] 0 [Flags] 2 [Guid] 3710849889 [EditorId] 3710849889 [Version] 1048832 [Id] OSXEditor(0,Toms-MacBook-Pro.local) [Debug] 1 [PackageName] OSXEditor [ProjectName] Editor" joined multi-casting on [225.0.0.222:54997]...

Player connection [4508165632] Host "[IP] 192.168.200.133 [Port] 0 [Flags] 2 [Guid] 3710849889 [EditorId] 3710849889 [Version] 1048832 [Id] OSXEditor(0,Toms-MacBook-Pro.local) [Debug] 1 [PackageName] OSXEditor [ProjectName] Editor" joined alternative multi-casting on [225.0.0.222:34997]...

Refreshing native plugins compatible for Editor in 84.13 ms, found 2 plugins.
Preloading 0 native plugins for Editor in 0.00 ms.
Initialize engine version: 2021.3.24f1 (cf10dcf7010d)
[Subsystems] Discovering subsystems at path /Applications/Unity/Hub/Editor/2021.3.24f1/Unity.app/Contents/Resources/UnitySubsystems
[Subsystems] Discovering subsystems at path /Users/tompaul/Documents/GitHub/Comp-Sci-Project/Comp Sci/Assets
GfxDevice: creating device client; threaded=0; jobified=0
Color LCD preferred device: Intel(R) Iris(TM) Plus Graphics (low power)
Metal devices available: 1
0: Intel(R) Iris(TM) Plus Graphics (low power)
Using device Intel(R) Iris(TM) Plus Graphics (low power)
Initializing Metal device caps: Intel(R) Iris(TM) Plus Graphics
Initialize mono
Mono path[0] = '/Applications/Unity/Hub/Editor/2021.3.24f1/Unity.app/Contents/Managed'
Mono path[1] = '/Applications/Unity/Hub/Editor/2021.3.24f1/Unity.app/Contents/MonoBleedingEdge/lib/mono/unityjit-macos'
Mono config path = '/Applications/Unity/Hub/Editor/2021.3.24f1/Unity.app/Contents/MonoBleedingEdge/etc'
Using monoOptions --debugger-agent=transport=dt_socket,embedding=1,server=y,suspend=n,address=127.0.0.1:56628
Begin MonoManager ReloadAssembly
Registering precompiled unity dll's ...
Register platform support module: /Applications/Unity/Hub/Editor/2021.3.24f1/PlaybackEngines/WebGLSupport/UnityEditor.WebGL.Extensions.dll
Register platform support module: /Applications/Unity/Hub/Editor/2021.3.24f1/Unity.app/Contents/PlaybackEngines/MacStandaloneSupport/UnityEditor.OSXStandalone.Extensions.dll
Registered in 0.006703 seconds.
Native extension for OSXStandalone target not found
Native extension for WebGL target not found
Refreshing native plugins compatible for Editor in 86.85 ms, found 2 plugins.
Preloading 0 native plugins for Editor in 0.00 ms.
Mono: successfully reloaded assembly
- Completed reload, in  0.990 seconds
Domain Reload Profiling:
	ReloadAssembly (990ms)
		BeginReloadAssembly (204ms)
			ExecutionOrderSort (0ms)
			DisableScriptedObjects (0ms)
			BackupInstance (0ms)
			ReleaseScriptingObjects (0ms)
			CreateAndSetChildDomain (1ms)
		EndReloadAssembly (657ms)
			LoadAssemblies (208ms)
			RebuildTransferFunctionScriptingTraits (0ms)
			SetupTypeCache (154ms)
			ReleaseScriptCaches (0ms)
			RebuildScriptCaches (40ms)
			SetupLoadedEditorAssemblies (399ms)
				LogAssemblyErrors (0ms)
				InitializePlatformSupportModulesInManaged (9ms)
				SetLoadedEditorAssemblies (0ms)
				RefreshPlugins (87ms)
				BeforeProcessingInitializeOnLoad (1ms)
				ProcessInitializeOnLoadAttributes (245ms)
				ProcessInitializeOnLoadMethodAttributes (57ms)
				AfterProcessingInitializeOnLoad (0ms)
				EditorAssembliesLoaded (0ms)
			ExecutionOrderSort2 (0ms)
			AwakeInstancesAfterBackupRestoration (0ms)
Platform modules already initialized, skipping
Registering precompiled user dll's ...
Registered in 0.002267 seconds.
Begin MonoManager ReloadAssembly
Symbol file LoadedFromMemory doesn't match image /Users/tompaul/Documents/GitHub/Comp-Sci-Project/Comp Sci/Library/PackageCache/com.unity.visualscripting@1.8.0/Editor/VisualScripting.Core/Dependencies/YamlDotNet/Unity.VisualScripting.YamlDotNet.dll
Symbol file LoadedFromMemory doesn't match image /Users/tompaul/Documents/GitHub/Comp-Sci-Project/Comp Sci/Library/PackageCache/com.unity.visualscripting@1.8.0/Editor/VisualScripting.Core/Dependencies/DotNetZip/Unity.VisualScripting.IonicZip.dll
Native extension for OSXStandalone target not found
Native extension for WebGL target not found
Refreshing native plugins compatible for Editor in 1.41 ms, found 2 plugins.
Preloading 0 native plugins for Editor in 0.00 ms.
Mono: successfully reloaded assembly
- Completed reload, in  2.169 seconds
Domain Reload Profiling:
	ReloadAssembly (2170ms)
		BeginReloadAssembly (286ms)
			ExecutionOrderSort (0ms)
			DisableScriptedObjects (14ms)
			BackupInstance (0ms)
			ReleaseScriptingObjects (0ms)
			CreateAndSetChildDomain (76ms)
		EndReloadAssembly (1739ms)
			LoadAssemblies (238ms)
			RebuildTransferFunctionScriptingTraits (0ms)
			SetupTypeCache (624ms)
			ReleaseScriptCaches (1ms)
			RebuildScriptCaches (136ms)
			SetupLoadedEditorAssemblies (697ms)
				LogAssemblyErrors (0ms)
				InitializePlatformSupportModulesInManaged (11ms)
				SetLoadedEditorAssemblies (1ms)
				RefreshPlugins (2ms)
				BeforeProcessingInitializeOnLoad (111ms)
				ProcessInitializeOnLoadAttributes (536ms)
				ProcessInitializeOnLoadMethodAttributes (34ms)
				AfterProcessingInitializeOnLoad (2ms)
				EditorAssembliesLoaded (0ms)
			ExecutionOrderSort2 (0ms)
			AwakeInstancesAfterBackupRestoration (9ms)
Platform modules already initialized, skipping
========================================================================
Worker process is ready to serve import requests
Launching external process: /Applications/Unity/Hub/Editor/2021.3.24f1/Unity.app/Contents/Tools/UnityShaderCompiler
Launched and connected shader compiler UnityShaderCompiler after 0.09 seconds
Refreshing native plugins compatible for Editor in 1.12 ms, found 2 plugins.
Preloading 0 native plugins for Editor in 0.00 ms.
Unloading 3178 Unused Serialized files (Serialized files now loaded: 0)
Unloading 29 unused Assets / (0.7 MB). Loaded Objects now: 3655.
Memory consumption went from 142.0 MB to 141.3 MB.
Total: 6.356150 ms (FindLiveObjects: 0.558567 ms CreateObjectMapping: 0.412082 ms MarkObjects: 4.748815 ms  DeleteObjects: 0.634987 ms)

AssetImportParameters requested are different than current active one (requested -> active):
  custom:video-decoder-ogg-theora: a1e56fd34408186e4bbccfd4996cb3dc -> 
  custom:container-muxer-webm: aa71ff27fc2769a1b78a27578f13a17b -> 
  custom:container-demuxer-webm: 4f35f7cbe854078d1ac9338744f61a02 -> 
  custom:video-encoder-webm-vp8: eb34c28f22e8b96e1ab97ce403110664 -> 
  custom:framework-osx-AVFoundation: e770b220cccbd017edd2c1fefb359320 -> 
  custom:audio-encoder-webm-vorbis: bf7c407c2cedff20999df2af8eb42d56 -> 
  custom:container-demuxer-ogg: 62fdf1f143b41e24485cea50d1cbac27 -> 
  custom:video-decoder-webm-vp8: 9c59270c3fd7afecdb556c50c9e8de78 -> 
  custom:audio-decoder-ogg-vorbis: bf7c407c2cedff20999df2af8eb42d56 -> 
========================================================================
Received Import Request.
  Time since last request: 210126.638244 seconds.
  path: Assets/FoodAndGrocery/Items
  artifactKey: Guid(76b273aec7e650b47ad2c6da902d4e0a) Importer(815301076,1909f56bfc062723c751e8b465ee728b)
Start importing Assets/FoodAndGrocery/Items using Guid(76b273aec7e650b47ad2c6da902d4e0a) Importer(815301076,1909f56bfc062723c751e8b465ee728b)  -> (artifact id: 'd1890af25c21cc6e4b0b6883d292f675') in 0.015903 seconds 
========================================================================
Received Import Request.
  Time since last request: 73.865969 seconds.
  path: Assets/FoodAndGrocery/Items/Apple
  artifactKey: Guid(0c2b79533da8a6446bc83eaace6dde36) Importer(815301076,1909f56bfc062723c751e8b465ee728b)
Start importing Assets/FoodAndGrocery/Items/Apple using Guid(0c2b79533da8a6446bc83eaace6dde36) Importer(815301076,1909f56bfc062723c751e8b465ee728b)  -> (artifact id: '2de5b0c36d00575d92eeacd785739cd6') in 0.005314 seconds 
========================================================================
Received Import Request.
  Time since last request: 0.739947 seconds.
  path: Assets/FoodAndGrocery/Items/Apple/Apple.fbx
  artifactKey: Guid(094627802cc8b7849aed1eb1a64bbe75) Importer(815301076,1909f56bfc062723c751e8b465ee728b)
Start importing Assets/FoodAndGrocery/Items/Apple/Apple.fbx using Guid(094627802cc8b7849aed1eb1a64bbe75) Importer(815301076,1909f56bfc062723c751e8b465ee728b)  -> (artifact id: 'b7be09be9d7504e0e74ffca7ebc02c82') in 0.362471 seconds 
========================================================================
Received Import Request.
  Time since last request: 70.555916 seconds.
  path: Assets/FoodAndGrocery/Items/BeerBox/BeerBox.fbx
  artifactKey: Guid(cff4d1e8f953dfd45a56800a42d5b0c8) Importer(815301076,1909f56bfc062723c751e8b465ee728b)
Start importing Assets/FoodAndGrocery/Items/BeerBox/BeerBox.fbx using Guid(cff4d1e8f953dfd45a56800a42d5b0c8) Importer(815301076,1909f56bfc062723c751e8b465ee728b)  -> (artifact id: '8043088db9671fc444d39dd67576c5f9') in 0.031799 seconds 
========================================================================
Received Import Request.
  Time since last request: 3.748907 seconds.
  path: Assets/FoodAndGrocery/Items/Basil/Basil.fbx
  artifactKey: Guid(00884340fd19a5a4981a9ffb200bd30f) Importer(815301076,1909f56bfc062723c751e8b465ee728b)
Start importing Assets/FoodAndGrocery/Items/Basil/Basil.fbx using Guid(00884340fd19a5a4981a9ffb200bd30f) Importer(815301076,1909f56bfc062723c751e8b465ee728b)  -> (artifact id: '192496fccca555804945a8e3fe3f184d') in 0.044819 seconds 
========================================================================
Received Import Request.
  Time since last request: 157.177100 seconds.
  path: Assets/FoodAndGrocery/Items/SaladBowl/SaladBowl.fbx
  artifactKey: Guid(2516e43dbcca1f5449dc2d4199b7cc63) Importer(815301076,1909f56bfc062723c751e8b465ee728b)
Start importing Assets/FoodAndGrocery/Items/SaladBowl/SaladBowl.fbx using Guid(2516e43dbcca1f5449dc2d4199b7cc63) Importer(815301076,1909f56bfc062723c751e8b465ee728b)  -> (artifact id: 'bb7e1f9cf8d561113d15771e449b069d') in 0.031453 seconds 
========================================================================
Received Import Request.
  Time since last request: 3.425832 seconds.
  path: Assets/FoodAndGrocery/Items/SaladBowl/Materials
  artifactKey: Guid(b612f82fac5a07a49bb389640d9d889d) Importer(815301076,1909f56bfc062723c751e8b465ee728b)
Start importing Assets/FoodAndGrocery/Items/SaladBowl/Materials using Guid(b612f82fac5a07a49bb389640d9d889d) Importer(815301076,1909f56bfc062723c751e8b465ee728b)  -> (artifact id: 'a15ec5283eaf2180c547394a24255411') in 0.002617 seconds 
========================================================================
Received Import Request.
  Time since last request: 0.124266 seconds.
  path: Assets/FoodAndGrocery/Items/SaladBowl/Materials/SaladBowlUV.mat
  artifactKey: Guid(1d5086dbad6281c41b91582807117b89) Importer(815301076,1909f56bfc062723c751e8b465ee728b)
Start importing Assets/FoodAndGrocery/Items/SaladBowl/Materials/SaladBowlUV.mat using Guid(1d5086dbad6281c41b91582807117b89) Importer(815301076,1909f56bfc062723c751e8b465ee728b)  -> (artifact id: '14e20bf35303d6d55d16fb97570615b7') in 0.163960 seconds 
========================================================================
Received Import Request.
  Time since last request: 11.688143 seconds.
  path: Assets/FoodAndGrocery/Items/Sandwich/Sandwich.fbx
  artifactKey: Guid(d368c1f0262b93f4f8f218d862a5f10a) Importer(815301076,1909f56bfc062723c751e8b465ee728b)
Start importing Assets/FoodAndGrocery/Items/Sandwich/Sandwich.fbx using Guid(d368c1f0262b93f4f8f218d862a5f10a) Importer(815301076,1909f56bfc062723c751e8b465ee728b)  -> (artifact id: '5eeba6e50e7526a845f6d573ac6d350c') in 0.025761 seconds 
========================================================================
Received Import Request.
  Time since last request: 2.469765 seconds.
  path: Assets/FoodAndGrocery/Items/SoapBottle/SoapBottle.fbx
  artifactKey: Guid(95837a867f13d5340927fadbe3ecffb8) Importer(815301076,1909f56bfc062723c751e8b465ee728b)
Start importing Assets/FoodAndGrocery/Items/SoapBottle/SoapBottle.fbx using Guid(95837a867f13d5340927fadbe3ecffb8) Importer(815301076,1909f56bfc062723c751e8b465ee728b)  -> (artifact id: 'dd35bb6e94099c33ac8bf613fae85709') in 0.024176 seconds 
========================================================================
Received Import Request.
  Time since last request: 2.577948 seconds.
  path: Assets/FoodAndGrocery/Items/Soil/Soil.fbx
  artifactKey: Guid(406cc5b04bc453147819324b69fdd323) Importer(815301076,1909f56bfc062723c751e8b465ee728b)
Start importing Assets/FoodAndGrocery/Items/Soil/Soil.fbx using Guid(406cc5b04bc453147819324b69fdd323) Importer(815301076,1909f56bfc062723c751e8b465ee728b)  -> (artifact id: 'bdbec7b4dfe696c770296f86d66b08b8') in 0.030444 seconds 
========================================================================
Received Import Request.
  Time since last request: 5.545813 seconds.
  path: Assets/FoodAndGrocery/Items/Tomato/Tomato.fbx
  artifactKey: Guid(3c8726c7ba21fc64fbc2a8a1dd83be57) Importer(815301076,1909f56bfc062723c751e8b465ee728b)
Start importing Assets/FoodAndGrocery/Items/Tomato/Tomato.fbx using Guid(3c8726c7ba21fc64fbc2a8a1dd83be57) Importer(815301076,1909f56bfc062723c751e8b465ee728b)  -> (artifact id: '28e55c9b2e4860f15918ba55ee7dd1fb') in 0.033007 seconds 
========================================================================
Received Import Request.
  Time since last request: 1.792476 seconds.
  path: Assets/FoodAndGrocery/Items/Strawberry/Strawberry.fbx
  artifactKey: Guid(34c3d6707c3fb9b4791a29f729177a4d) Importer(815301076,1909f56bfc062723c751e8b465ee728b)
Start importing Assets/FoodAndGrocery/Items/Strawberry/Strawberry.fbx using Guid(34c3d6707c3fb9b4791a29f729177a4d) Importer(815301076,1909f56bfc062723c751e8b465ee728b)  -> (artifact id: 'd27ca1d13b8e6953be3f1f75a0e9db91') in 0.028948 seconds 
========================================================================
Received Import Request.
  Time since last request: 2.015933 seconds.
  path: Assets/FoodAndGrocery/Items/SprayBottle/SprayBottle.fbx
  artifactKey: Guid(30bb67eec4a39a8469953d5fa442a542) Importer(815301076,1909f56bfc062723c751e8b465ee728b)
Start importing Assets/FoodAndGrocery/Items/SprayBottle/SprayBottle.fbx using Guid(30bb67eec4a39a8469953d5fa442a542) Importer(815301076,1909f56bfc062723c751e8b465ee728b)  -> (artifact id: 'ac1dcd0ea7617c44517ca1c06e5269ce') in 0.029258 seconds 
========================================================================
Received Import Request.
  Time since last request: 141.249310 seconds.
  path: Assets/FoodAndGrocery/Items/Mozzarella/Mozzarella.fbx
  artifactKey: Guid(faa380f339b11c14f84958f35cf52da8) Importer(815301076,1909f56bfc062723c751e8b465ee728b)
Start importing Assets/FoodAndGrocery/Items/Mozzarella/Mozzarella.fbx using Guid(faa380f339b11c14f84958f35cf52da8) Importer(815301076,1909f56bfc062723c751e8b465ee728b)  -> (artifact id: 'b6d7341d36531a3b464e61a0c35c2ad2') in 0.032427 seconds 
========================================================================
Received Import Request.
  Time since last request: 3.577696 seconds.
  path: Assets/FoodAndGrocery/Items/Mushroom/Mushroom.fbx
  artifactKey: Guid(b58ef59204614454d827c2cc31d4ac14) Importer(815301076,1909f56bfc062723c751e8b465ee728b)
Start importing Assets/FoodAndGrocery/Items/Mushroom/Mushroom.fbx using Guid(b58ef59204614454d827c2cc31d4ac14) Importer(815301076,1909f56bfc062723c751e8b465ee728b)  -> (artifact id: '8b9116fc96dd683d91f679b2fd5dd72a') in 0.034879 seconds 
========================================================================
Received Import Request.
  Time since last request: 3.014809 seconds.
  path: Assets/FoodAndGrocery/Items/Lemon/Lemon.fbx
  artifactKey: Guid(82cdba7f4571dae4c93dffd0d73eb13d) Importer(815301076,1909f56bfc062723c751e8b465ee728b)
Start importing Assets/FoodAndGrocery/Items/Lemon/Lemon.fbx using Guid(82cdba7f4571dae4c93dffd0d73eb13d) Importer(815301076,1909f56bfc062723c751e8b465ee728b)  -> (artifact id: 'a35037450bf2c2548e8d76e7df4d27ef') in 0.032028 seconds 
========================================================================
Received Import Request.
  Time since last request: 4.883060 seconds.
  path: Assets/FoodAndGrocery/Items/Meat/Meat.fbx
  artifactKey: Guid(9e7adcb4180bd9f43a80542600df73c2) Importer(815301076,1909f56bfc062723c751e8b465ee728b)
Start importing Assets/FoodAndGrocery/Items/Meat/Meat.fbx using Guid(9e7adcb4180bd9f43a80542600df73c2) Importer(815301076,1909f56bfc062723c751e8b465ee728b)  -> (artifact id: 'ddbf72bb6e54afcd6a1b90ec902df0f2') in 0.037045 seconds 
========================================================================
Received Import Request.
  Time since last request: 125.132066 seconds.
  path: Assets/FoodAndGrocery/Items/MenuBowl/MenuBowl.fbx
  artifactKey: Guid(d0b25a0bca68d0e48ac789e6738ae3cf) Importer(815301076,1909f56bfc062723c751e8b465ee728b)
Start importing Assets/FoodAndGrocery/Items/MenuBowl/MenuBowl.fbx using Guid(d0b25a0bca68d0e48ac789e6738ae3cf) Importer(815301076,1909f56bfc062723c751e8b465ee728b)  -> (artifact id: '4a10b6143fa975a2e288cb83e1cf7f18') in 0.025033 seconds 
========================================================================
Received Import Request.
  Time since last request: 4.299570 seconds.
  path: Assets/FoodAndGrocery/Items/Dough/Dough.fbx
  artifactKey: Guid(4bbf94c4dfa64ba4395b5fcbfbd4ef9b) Importer(815301076,1909f56bfc062723c751e8b465ee728b)
Start importing Assets/FoodAndGrocery/Items/Dough/Dough.fbx using Guid(4bbf94c4dfa64ba4395b5fcbfbd4ef9b) Importer(815301076,1909f56bfc062723c751e8b465ee728b)  -> (artifact id: '566962a42843556c9c22576af46e7e22') in 0.035332 seconds 
========================================================================
Received Import Request.
  Time since last request: 1.807561 seconds.
  path: Assets/FoodAndGrocery/Items/Chips/Chips.fbx
  artifactKey: Guid(3eb9ce3954e81a547a9bad89618388fc) Importer(815301076,1909f56bfc062723c751e8b465ee728b)
Start importing Assets/FoodAndGrocery/Items/Chips/Chips.fbx using Guid(3eb9ce3954e81a547a9bad89618388fc) Importer(815301076,1909f56bfc062723c751e8b465ee728b)  -> (artifact id: '3c4deb60226cc22c496b98be11c7dec2') in 0.038545 seconds 
========================================================================
Received Import Request.
  Time since last request: 0.000131 seconds.
  path: Assets/FoodAndGrocery/Items/Chips/ChipsUVWhite.png
  artifactKey: Guid(69fa3cabee9b4704281e8c95c346712d) Importer(815301076,1909f56bfc062723c751e8b465ee728b)
Start importing Assets/FoodAndGrocery/Items/Chips/ChipsUVWhite.png using Guid(69fa3cabee9b4704281e8c95c346712d) Importer(815301076,1909f56bfc062723c751e8b465ee728b)  -> (artifact id: '4a7ca305f93c250893e12ecb7b7d4597') in 0.146971 seconds 
========================================================================
Received Import Request.
  Time since last request: 4.358260 seconds.
  path: Assets/FoodAndGrocery/Items/Chips/Prefabs
  artifactKey: Guid(c8a74dd3354b32947976f7bfbb70b643) Importer(815301076,1909f56bfc062723c751e8b465ee728b)
Start importing Assets/FoodAndGrocery/Items/Chips/Prefabs using Guid(c8a74dd3354b32947976f7bfbb70b643) Importer(815301076,1909f56bfc062723c751e8b465ee728b)  -> (artifact id: 'e92b864cbe9eadb9b2e10802c0690300') in 0.001833 seconds 
========================================================================
Received Import Request.
  Time since last request: 0.101476 seconds.
  path: Assets/FoodAndGrocery/Items/Chips/Prefabs/Chips_Green.prefab
  artifactKey: Guid(b600d2159891f924a975b1f492a989dc) Importer(815301076,1909f56bfc062723c751e8b465ee728b)
Start importing Assets/FoodAndGrocery/Items/Chips/Prefabs/Chips_Green.prefab using Guid(b600d2159891f924a975b1f492a989dc) Importer(815301076,1909f56bfc062723c751e8b465ee728b)  -> (artifact id: 'c6cc8f75e011cf34c68a8ee1e8b57e8c') in 0.101953 seconds 
========================================================================
Received Import Request.
  Time since last request: 0.000159 seconds.
  path: Assets/FoodAndGrocery/Items/Chips/Prefabs/Chips_White.prefab
  artifactKey: Guid(7168d55b04cf33f4799f3663b2c60041) Importer(815301076,1909f56bfc062723c751e8b465ee728b)
Start importing Assets/FoodAndGrocery/Items/Chips/Prefabs/Chips_White.prefab using Guid(7168d55b04cf33f4799f3663b2c60041) Importer(815301076,1909f56bfc062723c751e8b465ee728b)  -> (artifact id: '2c237fdda6d20ee51bcea79eb92664b5') in 0.029428 seconds 
========================================================================
Received Import Request.
  Time since last request: 4.230868 seconds.
  path: Assets/FoodAndGrocery/Items/Cheese/Cheese.fbx
  artifactKey: Guid(5a0bcbce645cce646a295ed945594045) Importer(815301076,1909f56bfc062723c751e8b465ee728b)
Start importing Assets/FoodAndGrocery/Items/Cheese/Cheese.fbx using Guid(5a0bcbce645cce646a295ed945594045) Importer(815301076,1909f56bfc062723c751e8b465ee728b)  -> (artifact id: 'beae895262a7a8b74cdb98cb1635ebed') in 0.032130 seconds 
========================================================================
Received Import Request.
  Time since last request: 105.369496 seconds.
  path: Assets/FoodAndGrocery/Items/Cucumber/Cucumber.fbx
  artifactKey: Guid(d25f704bfb4c8014393d28319f51d9e9) Importer(815301076,1909f56bfc062723c751e8b465ee728b)
Start importing Assets/FoodAndGrocery/Items/Cucumber/Cucumber.fbx using Guid(d25f704bfb4c8014393d28319f51d9e9) Importer(815301076,1909f56bfc062723c751e8b465ee728b)  -> (artifact id: 'fc89706f9345ed1771867d7058b30848') in 0.024457 seconds 
========================================================================
Received Import Request.
  Time since last request: 5.814243 seconds.
  path: Assets/FoodAndGrocery/Items/Leek/Leek.fbx
  artifactKey: Guid(67967c3a2d033f24f972f53675021339) Importer(815301076,1909f56bfc062723c751e8b465ee728b)
Start importing Assets/FoodAndGrocery/Items/Leek/Leek.fbx using Guid(67967c3a2d033f24f972f53675021339) Importer(815301076,1909f56bfc062723c751e8b465ee728b)  -> (artifact id: '1f1982ae99e7c566a417a37f2bb5c5c4') in 0.029296 seconds 
========================================================================
Received Import Request.
  Time since last request: 11.189827 seconds.
  path: Assets/FoodAndGrocery/ExamplesScene/Floor.mat
  artifactKey: Guid(ae02e09164686384385408733f6e3089) Importer(815301076,1909f56bfc062723c751e8b465ee728b)
Start importing Assets/FoodAndGrocery/ExamplesScene/Floor.mat using Guid(ae02e09164686384385408733f6e3089) Importer(815301076,1909f56bfc062723c751e8b465ee728b)  -> (artifact id: '256a1f2effadbaa1064e8670a5e12ffd') in 0.025358 seconds 
========================================================================
Received Import Request.
  Time since last request: 1.855255 seconds.
  path: Assets/FoodAndGrocery/Items/Avocado/Avocado.fbx
  artifactKey: Guid(a77e30de2eb4e0249ae881ea7e042b0a) Importer(815301076,1909f56bfc062723c751e8b465ee728b)
Start importing Assets/FoodAndGrocery/Items/Avocado/Avocado.fbx using Guid(a77e30de2eb4e0249ae881ea7e042b0a) Importer(815301076,1909f56bfc062723c751e8b465ee728b)  -> (artifact id: '57b447a788671a86a8a66c814970de16') in 0.041435 seconds 
========================================================================
Received Import Request.
  Time since last request: 0.125364 seconds.
  path: Assets/FoodAndGrocery/Items/Banana/banana.fbx
  artifactKey: Guid(d9e5b86cae878e14daf65d59f478840a) Importer(815301076,1909f56bfc062723c751e8b465ee728b)
Start importing Assets/FoodAndGrocery/Items/Banana/banana.fbx using Guid(d9e5b86cae878e14daf65d59f478840a) Importer(815301076,1909f56bfc062723c751e8b465ee728b)  -> (artifact id: '1288393aebc0e54f25f21e15b6093fba') in 0.022457 seconds 
========================================================================
Received Import Request.
  Time since last request: 0.733566 seconds.
  path: Assets/FoodAndGrocery/Items/Bread/Bread.fbx
  artifactKey: Guid(96099f261a388b844bdd80c870a8c001) Importer(815301076,1909f56bfc062723c751e8b465ee728b)
Start importing Assets/FoodAndGrocery/Items/Bread/Bread.fbx using Guid(96099f261a388b844bdd80c870a8c001) Importer(815301076,1909f56bfc062723c751e8b465ee728b)  -> (artifact id: '20623c532984f0b60ea8401fcbc9b224') in 0.032135 seconds 
========================================================================
Received Import Request.
  Time since last request: 0.302332 seconds.
  path: Assets/FoodAndGrocery/Items/Broccoli/Broccoli.fbx
  artifactKey: Guid(8f3f2404a883f5949a22eb1182951c9e) Importer(815301076,1909f56bfc062723c751e8b465ee728b)
Start importing Assets/FoodAndGrocery/Items/Broccoli/Broccoli.fbx using Guid(8f3f2404a883f5949a22eb1182951c9e) Importer(815301076,1909f56bfc062723c751e8b465ee728b)  -> (artifact id: 'd1e1171a7e15b000398c526e752dfee0') in 0.027455 seconds 
========================================================================
Received Import Request.
  Time since last request: 2.883847 seconds.
  path: Assets/FoodAndGrocery/Items/Can/Can.fbx
  artifactKey: Guid(ccdbd1848af3ed74c8a2d04c5911c8f9) Importer(815301076,1909f56bfc062723c751e8b465ee728b)
Start importing Assets/FoodAndGrocery/Items/Can/Can.fbx using Guid(ccdbd1848af3ed74c8a2d04c5911c8f9) Importer(815301076,1909f56bfc062723c751e8b465ee728b)  -> (artifact id: '86e3ec73801487dd7b2dea5963690cc6') in 0.033205 seconds 
========================================================================
Received Import Request.
  Time since last request: 0.000128 seconds.
  path: Assets/FoodAndGrocery/Items/Can/CanUVGreen.png
  artifactKey: Guid(cc20f0b5504752644b9e7f13f1050aa5) Importer(815301076,1909f56bfc062723c751e8b465ee728b)
Start importing Assets/FoodAndGrocery/Items/Can/CanUVGreen.png using Guid(cc20f0b5504752644b9e7f13f1050aa5) Importer(815301076,1909f56bfc062723c751e8b465ee728b)  -> (artifact id: 'c117a035d40f9502b1584dd49aa135cf') in 0.017267 seconds 
========================================================================
Received Import Request.
  Time since last request: 4.492986 seconds.
  path: Assets/FoodAndGrocery/Items/Carrot/Carrot.fbx
  artifactKey: Guid(70e1fcdcfea29ed48bc3e9dc739bb684) Importer(815301076,1909f56bfc062723c751e8b465ee728b)
Start importing Assets/FoodAndGrocery/Items/Carrot/Carrot.fbx using Guid(70e1fcdcfea29ed48bc3e9dc739bb684) Importer(815301076,1909f56bfc062723c751e8b465ee728b)  -> (artifact id: '8084e9e0f226b7a70fb04d530c3c0102') in 0.025614 seconds 
========================================================================
Received Import Request.
  Time since last request: 2.787401 seconds.
  path: Assets/FoodAndGrocery/Items/Chips/Materials/ChipsUV.mat
  artifactKey: Guid(9be84229257328d4ab0604cd0bd1e47d) Importer(815301076,1909f56bfc062723c751e8b465ee728b)
Start importing Assets/FoodAndGrocery/Items/Chips/Materials/ChipsUV.mat using Guid(9be84229257328d4ab0604cd0bd1e47d) Importer(815301076,1909f56bfc062723c751e8b465ee728b)  -> (artifact id: '3798c1fb40c4dbd59a678ef4b23e66cf') in 0.013295 seconds 
========================================================================
Received Import Request.
  Time since last request: 0.000150 seconds.
  path: Assets/FoodAndGrocery/Items/Chips/Materials/ChipsUVWhite.mat
  artifactKey: Guid(fbf0bd5bc0c0f8f47b7df311c43664d4) Importer(815301076,1909f56bfc062723c751e8b465ee728b)
Start importing Assets/FoodAndGrocery/Items/Chips/Materials/ChipsUVWhite.mat using Guid(fbf0bd5bc0c0f8f47b7df311c43664d4) Importer(815301076,1909f56bfc062723c751e8b465ee728b)  -> (artifact id: 'eab76590ae29c4a1278cec6e73d4a65c') in 0.022259 seconds 
========================================================================
Received Import Request.
  Time since last request: 161.452374 seconds.
  path: Assets/FoodAndGrocery/Items/Apple/Materials/AppleUV.mat
  artifactKey: Guid(fd84161baee1c8447a56f61f2c071246) Importer(815301076,1909f56bfc062723c751e8b465ee728b)
Start importing Assets/FoodAndGrocery/Items/Apple/Materials/AppleUV.mat using Guid(fd84161baee1c8447a56f61f2c071246) Importer(815301076,1909f56bfc062723c751e8b465ee728b)  -> (artifact id: '58242abd1a2537e12421ac1a3b4d3e4c') in 0.017807 seconds 
========================================================================
Received Import Request.
  Time since last request: 6.268556 seconds.
  path: Assets/FoodAndGrocery/Items/Joghurt/Joghurt.fbx
  artifactKey: Guid(a398b899693626449947670be6f562b9) Importer(815301076,1909f56bfc062723c751e8b465ee728b)
Start importing Assets/FoodAndGrocery/Items/Joghurt/Joghurt.fbx using Guid(a398b899693626449947670be6f562b9) Importer(815301076,1909f56bfc062723c751e8b465ee728b)  -> (artifact id: '047e983b84d062e6a174f64bb575486b') in 0.031177 seconds 
========================================================================
Received Import Request.
  Time since last request: 0.000102 seconds.
  path: Assets/FoodAndGrocery/Items/Joghurt/JoghurtUVOrange.png
  artifactKey: Guid(db6fdc5d798e14d4392fcffa06b2854b) Importer(815301076,1909f56bfc062723c751e8b465ee728b)
Start importing Assets/FoodAndGrocery/Items/Joghurt/JoghurtUVOrange.png using Guid(db6fdc5d798e14d4392fcffa06b2854b) Importer(815301076,1909f56bfc062723c751e8b465ee728b)  -> (artifact id: '12135380f5a655ae1b2fe1440a1b4785') in 0.023297 seconds 
========================================================================
Received Import Request.
  Time since last request: 2.757066 seconds.
  path: Assets/FoodAndGrocery/Items/Milk/Milk.fbx
  artifactKey: Guid(c953fdbf8d5a16a409e7f9d89841f1ee) Importer(815301076,1909f56bfc062723c751e8b465ee728b)
Start importing Assets/FoodAndGrocery/Items/Milk/Milk.fbx using Guid(c953fdbf8d5a16a409e7f9d89841f1ee) Importer(815301076,1909f56bfc062723c751e8b465ee728b)  -> (artifact id: 'abb95dab3834fceb801239accef6d50d') in 0.033941 seconds 
========================================================================
Received Import Request.
  Time since last request: 1.231816 seconds.
  path: Assets/FoodAndGrocery/Items/Onion/Onion.fbx
  artifactKey: Guid(e59c418d989aca7499feb8d40c6977b1) Importer(815301076,1909f56bfc062723c751e8b465ee728b)
Start importing Assets/FoodAndGrocery/Items/Onion/Onion.fbx using Guid(e59c418d989aca7499feb8d40c6977b1) Importer(815301076,1909f56bfc062723c751e8b465ee728b)  -> (artifact id: '7011dda487fbbc8b7e5d234b84528bf3') in 0.033593 seconds 
========================================================================
Received Import Request.
  Time since last request: 0.215264 seconds.
  path: Assets/FoodAndGrocery/Items/Pear/Pear.fbx
  artifactKey: Guid(d42110035b1f0764dac7ebef8e7a178c) Importer(815301076,1909f56bfc062723c751e8b465ee728b)
Start importing Assets/FoodAndGrocery/Items/Pear/Pear.fbx using Guid(d42110035b1f0764dac7ebef8e7a178c) Importer(815301076,1909f56bfc062723c751e8b465ee728b)  -> (artifact id: '4046700112aa12d47c07016bda5bd7f1') in 0.032070 seconds 
========================================================================
Received Import Request.
  Time since last request: 0.317000 seconds.
  path: Assets/FoodAndGrocery/Items/Pepperoni/Pepperoni.fbx
  artifactKey: Guid(3785f4afe9dacc34e97d97c54833fd90) Importer(815301076,1909f56bfc062723c751e8b465ee728b)
Start importing Assets/FoodAndGrocery/Items/Pepperoni/Pepperoni.fbx using Guid(3785f4afe9dacc34e97d97c54833fd90) Importer(815301076,1909f56bfc062723c751e8b465ee728b)  -> (artifact id: '7086267198910a7250aacd148c1321ea') in 0.027459 seconds 
========================================================================
Received Import Request.
  Time since last request: 0.625261 seconds.
  path: Assets/FoodAndGrocery/Items/PetBottles/Bottle.fbx
  artifactKey: Guid(c8dab747a3f16c14f8485c8a54a17072) Importer(815301076,1909f56bfc062723c751e8b465ee728b)
Start importing Assets/FoodAndGrocery/Items/PetBottles/Bottle.fbx using Guid(c8dab747a3f16c14f8485c8a54a17072) Importer(815301076,1909f56bfc062723c751e8b465ee728b)  -> (artifact id: 'cfc77e9a97ca9cd7d2dabf8dd5f014d7') in 0.518608 seconds 
========================================================================
Received Import Request.
  Time since last request: 3.503921 seconds.
  path: Assets/Materials/IMG_2002.mat
  artifactKey: Guid(06e8c08fb553d47d6a6ca9ff36b3dc10) Importer(815301076,1909f56bfc062723c751e8b465ee728b)
Start importing Assets/Materials/IMG_2002.mat using Guid(06e8c08fb553d47d6a6ca9ff36b3dc10) Importer(815301076,1909f56bfc062723c751e8b465ee728b)  -> (artifact id: 'be10a51b9e1ab7ae0398674ba818e09f') in 0.021505 seconds 
========================================================================
Received Import Request.
  Time since last request: 0.000099 seconds.
  path: Assets/Materials/IMG_2004.mat
  artifactKey: Guid(56cd62595cfe54dd88bed128ade96341) Importer(815301076,1909f56bfc062723c751e8b465ee728b)
Start importing Assets/Materials/IMG_2004.mat using Guid(56cd62595cfe54dd88bed128ade96341) Importer(815301076,1909f56bfc062723c751e8b465ee728b)  -> (artifact id: '8da8c2ba657cc79e11f287dd2349a294') in 0.030660 seconds 
========================================================================
Received Import Request.
  Time since last request: 0.000100 seconds.
  path: Assets/Materials/Screen Shot 2023-05-09 at 11.22.06 AM.mat
  artifactKey: Guid(3ba58b4c9bbec46df91c89e0e3a134df) Importer(815301076,1909f56bfc062723c751e8b465ee728b)
Start importing Assets/Materials/Screen Shot 2023-05-09 at 11.22.06 AM.mat using Guid(3ba58b4c9bbec46df91c89e0e3a134df) Importer(815301076,1909f56bfc062723c751e8b465ee728b)  -> (artifact id: 'c7bf2e1a7715fd508b89f230e978166e') in 0.021593 seconds 
========================================================================
Received Import Request.
  Time since last request: 0.000260 seconds.
  path: Assets/Materials/Screen Shot 2023-05-09 at 11.28.02 AM.mat
  artifactKey: Guid(643848a4e58834839a0005883b39571c) Importer(815301076,1909f56bfc062723c751e8b465ee728b)
Start importing Assets/Materials/Screen Shot 2023-05-09 at 11.28.02 AM.mat using Guid(643848a4e58834839a0005883b39571c) Importer(815301076,1909f56bfc062723c751e8b465ee728b)  -> (artifact id: '7d96b5da866c18c4ec0ba8f3d9f63917') in 0.025100 seconds 
========================================================================
Received Import Request.
  Time since last request: 14.586556 seconds.
  path: Assets/FoodAndGrocery/Items/PetBottles/Prefabs
  artifactKey: Guid(493f8f141ce940c48810d267a8e23eeb) Importer(815301076,1909f56bfc062723c751e8b465ee728b)
Start importing Assets/FoodAndGrocery/Items/PetBottles/Prefabs using Guid(493f8f141ce940c48810d267a8e23eeb) Importer(815301076,1909f56bfc062723c751e8b465ee728b)  -> (artifact id: '16997c9a85859237c298d96849cb76d6') in 0.002814 seconds 
========================================================================
Received Import Request.
  Time since last request: 0.122486 seconds.
  path: Assets/FoodAndGrocery/Items/PetBottles/Prefabs/Bottle_Broke.prefab
  artifactKey: Guid(e6422d5dcb194494e8860c468f61317d) Importer(815301076,1909f56bfc062723c751e8b465ee728b)
Start importing Assets/FoodAndGrocery/Items/PetBottles/Prefabs/Bottle_Broke.prefab using Guid(e6422d5dcb194494e8860c468f61317d) Importer(815301076,1909f56bfc062723c751e8b465ee728b)  -> (artifact id: '0573651e3d21effb230c5e82561a87f4') in 0.014149 seconds 
========================================================================
Received Import Request.
  Time since last request: 0.000105 seconds.
  path: Assets/FoodAndGrocery/Items/PetBottles/Prefabs/Bottle_Water.prefab
  artifactKey: Guid(59c63b6b36690354b9e5c25e36b973a7) Importer(815301076,1909f56bfc062723c751e8b465ee728b)
Start importing Assets/FoodAndGrocery/Items/PetBottles/Prefabs/Bottle_Water.prefab using Guid(59c63b6b36690354b9e5c25e36b973a7) Importer(815301076,1909f56bfc062723c751e8b465ee728b)  -> (artifact id: '31c72139e891abf40f75ccb635ec28ff') in 0.016228 seconds 
========================================================================
Received Import Request.
  Time since last request: 424.794902 seconds.
  path: Assets/FoodAndGrocery/Items/Can/Prefabs
  artifactKey: Guid(d78f912fb36eb584b8d4a0ff846d06a1) Importer(815301076,1909f56bfc062723c751e8b465ee728b)
Start importing Assets/FoodAndGrocery/Items/Can/Prefabs using Guid(d78f912fb36eb584b8d4a0ff846d06a1) Importer(815301076,1909f56bfc062723c751e8b465ee728b)  -> (artifact id: '4de405bc873102c9e934360858606eff') in 0.006511 seconds 
========================================================================
Received Import Request.
  Time since last request: 2.259283 seconds.
  path: Assets/FoodAndGrocery/Items/Can/Prefabs/Can_Black.prefab
  artifactKey: Guid(dab192a72974c2d48998b90ffefd0322) Importer(815301076,1909f56bfc062723c751e8b465ee728b)
Start importing Assets/FoodAndGrocery/Items/Can/Prefabs/Can_Black.prefab using Guid(dab192a72974c2d48998b90ffefd0322) Importer(815301076,1909f56bfc062723c751e8b465ee728b)  -> (artifact id: 'fa161edbb7a21f471c787d7b12e5a4b2') in 0.025121 seconds 
========================================================================
Received Import Request.
  Time since last request: 0.000105 seconds.
  path: Assets/FoodAndGrocery/Items/Can/Prefabs/Can_Orange.prefab
  artifactKey: Guid(f0c94c7081db13a4f89831fe9957f93e) Importer(815301076,1909f56bfc062723c751e8b465ee728b)
Start importing Assets/FoodAndGrocery/Items/Can/Prefabs/Can_Orange.prefab using Guid(f0c94c7081db13a4f89831fe9957f93e) Importer(815301076,1909f56bfc062723c751e8b465ee728b)  -> (artifact id: '691a0cdedb272795f4681da2967cf803') in 0.025579 seconds 
